2025-06-02 08:25:53,082 INFO: StudentService startup [in C:\Users\yashp\Documents\CS415\CS415_A3\StudentService\run_ss.py:28]
2025-06-02 08:25:53,113 INFO: Database tables created successfully [in C:\Users\yashp\Documents\CS415\CS415_A3\StudentService\run_ss.py:45]
2025-06-02 08:25:53,125 INFO: Routes registered successfully [in C:\Users\yashp\Documents\CS415\CS415_A3\StudentService\run_ss.py:53]
2025-06-02 08:25:54,512 INFO: StudentService startup [in C:\Users\yashp\Documents\CS415\CS415_A3\StudentService\run_ss.py:28]
2025-06-02 08:25:54,546 INFO: Database tables created successfully [in C:\Users\yashp\Documents\CS415\CS415_A3\StudentService\run_ss.py:45]
2025-06-02 08:25:54,570 INFO: Routes registered successfully [in C:\Users\yashp\Documents\CS415\CS415_A3\StudentService\run_ss.py:53]
2025-06-02 08:26:01,398 INFO: StudentService startup [in C:\Users\yashp\Documents\CS415\CS415_A3\StudentService\run_ss.py:28]
2025-06-02 08:26:01,427 INFO: Database tables created successfully [in C:\Users\yashp\Documents\CS415\CS415_A3\StudentService\run_ss.py:45]
2025-06-02 08:26:01,441 INFO: Routes registered successfully [in C:\Users\yashp\Documents\CS415\CS415_A3\StudentService\run_ss.py:53]
2025-06-02 08:26:02,878 INFO: StudentService startup [in C:\Users\yashp\Documents\CS415\CS415_A3\StudentService\run_ss.py:28]
2025-06-02 08:26:02,907 INFO: Database tables created successfully [in C:\Users\yashp\Documents\CS415\CS415_A3\StudentService\run_ss.py:45]
2025-06-02 08:26:02,918 INFO: Routes registered successfully [in C:\Users\yashp\Documents\CS415\CS415_A3\StudentService\run_ss.py:53]
2025-06-02 08:26:51,162 INFO: StudentService startup [in C:\Users\yashp\Documents\CS415\CS415_A3\StudentService\run_ss.py:28]
2025-06-02 08:26:51,192 INFO: Database tables created successfully [in C:\Users\yashp\Documents\CS415\CS415_A3\StudentService\run_ss.py:45]
2025-06-02 08:26:51,205 INFO: Routes registered successfully [in C:\Users\yashp\Documents\CS415\CS415_A3\StudentService\run_ss.py:53]
2025-06-02 08:26:52,741 INFO: StudentService startup [in C:\Users\yashp\Documents\CS415\CS415_A3\StudentService\run_ss.py:28]
2025-06-02 08:26:52,777 INFO: Database tables created successfully [in C:\Users\yashp\Documents\CS415\CS415_A3\StudentService\run_ss.py:45]
2025-06-02 08:26:52,792 INFO: Routes registered successfully [in C:\Users\yashp\Documents\CS415\CS415_A3\StudentService\run_ss.py:53]
2025-06-02 08:27:07,848 WARNING: Login attempt failed: Student ID s00000003 not found [in C:\Users\yashp\Documents\CS415\CS415_A3\StudentService\app\API\auth.py:61]
2025-06-02 08:27:08,845 WARNING: Login attempt failed: Student ID s00000003 not found [in C:\Users\yashp\Documents\CS415\CS415_A3\StudentService\app\API\auth.py:61]
2025-06-02 08:27:09,484 WARNING: Login attempt failed: Student ID s00000003 not found [in C:\Users\yashp\Documents\CS415\CS415_A3\StudentService\app\API\auth.py:61]
2025-06-02 08:28:51,685 INFO: StudentService startup [in C:\Users\yashp\Documents\CS415\CS415_A3\StudentService\run_ss.py:28]
2025-06-02 08:28:51,717 INFO: Database tables created successfully [in C:\Users\yashp\Documents\CS415\CS415_A3\StudentService\run_ss.py:45]
2025-06-02 08:28:51,736 INFO: Routes registered successfully [in C:\Users\yashp\Documents\CS415\CS415_A3\StudentService\run_ss.py:53]
2025-06-02 08:30:49,557 INFO: StudentService startup [in C:\Users\yashp\Documents\CS415\CS415_A3\StudentService\run_ss.py:28]
2025-06-02 08:30:49,585 INFO: Database tables created successfully [in C:\Users\yashp\Documents\CS415\CS415_A3\StudentService\run_ss.py:45]
2025-06-02 08:30:49,597 INFO: Routes registered successfully [in C:\Users\yashp\Documents\CS415\CS415_A3\StudentService\run_ss.py:53]
2025-06-02 08:31:24,283 INFO: StudentService startup [in C:\Users\yashp\Documents\CS415\CS415_A3\StudentService\run_ss.py:28]
2025-06-02 08:31:24,311 INFO: Database tables created successfully [in C:\Users\yashp\Documents\CS415\CS415_A3\StudentService\run_ss.py:45]
2025-06-02 08:31:24,322 INFO: Routes registered successfully [in C:\Users\yashp\Documents\CS415\CS415_A3\StudentService\run_ss.py:53]
2025-06-02 08:32:33,071 INFO: StudentService startup [in C:\Users\yashp\Documents\CS415\CS415_A3\StudentService\run_ss.py:28]
2025-06-02 08:32:33,108 INFO: Database tables created successfully [in C:\Users\yashp\Documents\CS415\CS415_A3\StudentService\run_ss.py:45]
2025-06-02 08:32:33,127 INFO: Routes registered successfully [in C:\Users\yashp\Documents\CS415\CS415_A3\StudentService\run_ss.py:53]
2025-06-02 08:39:51,551 INFO: StudentService startup [in C:\Users\yashp\Documents\CS415\CS415_A3\StudentService\run_ss.py:28]
2025-06-02 08:39:51,589 INFO: Database tables created successfully [in C:\Users\yashp\Documents\CS415\CS415_A3\StudentService\run_ss.py:45]
2025-06-02 08:39:51,603 INFO: Routes registered successfully [in C:\Users\yashp\Documents\CS415\CS415_A3\StudentService\run_ss.py:53]
2025-06-02 08:39:52,920 INFO: StudentService startup [in C:\Users\yashp\Documents\CS415\CS415_A3\StudentService\run_ss.py:28]
2025-06-02 08:39:52,952 INFO: Database tables created successfully [in C:\Users\yashp\Documents\CS415\CS415_A3\StudentService\run_ss.py:45]
2025-06-02 08:39:52,965 INFO: Routes registered successfully [in C:\Users\yashp\Documents\CS415\CS415_A3\StudentService\run_ss.py:53]
2025-06-02 08:48:19,639 WARNING: Login attempt failed: Student ID s00000003 not found [in C:\Users\yashp\Documents\CS415\CS415_A3\StudentService\app\API\auth.py:53]
2025-06-02 08:53:50,659 INFO: StudentService startup [in C:\Users\yashp\Documents\CS415\CS415_A3\StudentService\run_ss.py:28]
2025-06-02 08:53:50,691 INFO: Database tables created successfully [in C:\Users\yashp\Documents\CS415\CS415_A3\StudentService\run_ss.py:45]
2025-06-02 08:53:50,703 INFO: Routes registered successfully [in C:\Users\yashp\Documents\CS415\CS415_A3\StudentService\run_ss.py:53]
2025-06-02 09:04:15,765 WARNING: Login attempt failed: Student ID s0000003 not found [in C:\Users\yashp\Documents\CS415\CS415_A3\StudentService\app\API\auth.py:53]
2025-06-02 09:08:37,483 INFO: StudentService startup [in C:\Users\yashp\Documents\CS415\CS415_A3\StudentService\run_ss.py:28]
2025-06-02 09:08:37,517 INFO: Database tables created successfully [in C:\Users\yashp\Documents\CS415\CS415_A3\StudentService\run_ss.py:45]
2025-06-02 09:08:37,532 INFO: Routes registered successfully [in C:\Users\yashp\Documents\CS415\CS415_A3\StudentService\run_ss.py:53]
2025-06-02 09:11:21,921 INFO: StudentService startup [in C:\Users\yashp\Documents\CS415\CS415_A3\StudentService\run_ss.py:28]
2025-06-02 09:11:21,952 INFO: Database tables created successfully [in C:\Users\yashp\Documents\CS415\CS415_A3\StudentService\run_ss.py:45]
2025-06-02 09:11:21,966 INFO: Routes registered successfully [in C:\Users\yashp\Documents\CS415\CS415_A3\StudentService\run_ss.py:53]
2025-06-02 09:11:23,525 INFO: StudentService startup [in C:\Users\yashp\Documents\CS415\CS415_A3\StudentService\run_ss.py:28]
2025-06-02 09:11:23,561 INFO: Database tables created successfully [in C:\Users\yashp\Documents\CS415\CS415_A3\StudentService\run_ss.py:45]
2025-06-02 09:11:23,577 INFO: Routes registered successfully [in C:\Users\yashp\Documents\CS415\CS415_A3\StudentService\run_ss.py:53]
2025-06-02 09:12:52,619 WARNING: Login attempt failed: Student ID s0000003 not found [in C:\Users\yashp\Documents\CS415\CS415_A3\StudentService\app\API\auth.py:53]
2025-06-02 09:15:07,807 INFO: StudentService startup [in C:\Users\yashp\Documents\CS415\CS415_A3\StudentService\run_ss.py:28]
2025-06-02 09:15:07,837 INFO: Database tables created successfully [in C:\Users\yashp\Documents\CS415\CS415_A3\StudentService\run_ss.py:45]
2025-06-02 09:15:07,848 INFO: Routes registered successfully [in C:\Users\yashp\Documents\CS415\CS415_A3\StudentService\run_ss.py:53]
2025-06-02 09:16:27,813 INFO: StudentService startup [in C:\Users\yashp\Documents\CS415\CS415_A3\StudentService\run_ss.py:28]
2025-06-02 09:16:27,846 INFO: Database tables created successfully [in C:\Users\yashp\Documents\CS415\CS415_A3\StudentService\run_ss.py:45]
2025-06-02 09:16:27,860 INFO: Routes registered successfully [in C:\Users\yashp\Documents\CS415\CS415_A3\StudentService\run_ss.py:53]
2025-06-02 09:16:31,458 INFO: StudentService startup [in C:\Users\yashp\Documents\CS415\CS415_A3\StudentService\run_ss.py:28]
2025-06-02 09:16:31,490 INFO: Database tables created successfully [in C:\Users\yashp\Documents\CS415\CS415_A3\StudentService\run_ss.py:45]
2025-06-02 09:16:31,503 INFO: Routes registered successfully [in C:\Users\yashp\Documents\CS415\CS415_A3\StudentService\run_ss.py:53]
2025-06-02 09:17:11,629 INFO: Successful login for Student ID S00000003 [in C:\Users\yashp\Documents\CS415\CS415_A3\StudentService\app\API\auth.py:74]
2025-06-02 09:27:51,895 INFO: StudentService startup [in C:\Users\yashp\Documents\CS415\CS415_A3\StudentService\run_ss.py:28]
2025-06-02 09:27:51,926 INFO: Database tables created successfully [in C:\Users\yashp\Documents\CS415\CS415_A3\StudentService\run_ss.py:45]
2025-06-02 09:27:51,937 INFO: Routes registered successfully [in C:\Users\yashp\Documents\CS415\CS415_A3\StudentService\run_ss.py:53]
2025-06-02 09:27:53,369 INFO: StudentService startup [in C:\Users\yashp\Documents\CS415\CS415_A3\StudentService\run_ss.py:28]
2025-06-02 09:27:53,398 INFO: Database tables created successfully [in C:\Users\yashp\Documents\CS415\CS415_A3\StudentService\run_ss.py:45]
2025-06-02 09:27:53,413 INFO: Routes registered successfully [in C:\Users\yashp\Documents\CS415\CS415_A3\StudentService\run_ss.py:53]
2025-06-02 09:30:07,252 INFO: StudentService startup [in C:\Users\yashp\Documents\CS415\CS415_A3\StudentService\run_ss.py:28]
2025-06-02 09:30:07,283 INFO: Database tables created successfully [in C:\Users\yashp\Documents\CS415\CS415_A3\StudentService\run_ss.py:45]
2025-06-02 09:30:07,296 INFO: Routes registered successfully [in C:\Users\yashp\Documents\CS415\CS415_A3\StudentService\run_ss.py:53]
2025-06-02 09:35:40,722 INFO: StudentService startup [in C:\Users\yashp\Documents\CS415\CS415_A3\StudentService\run_ss.py:28]
